{"logTime": "0505/142527", "correlationVector":"lCbZBFcNozo2OxOXHXMN5t.1","action":"SyncServerConnectionManagerRequest", "result":"SYNC_SERVER_OK", "context":{"environment":"Prod_southeastasia_prod-s01-064-apac-southeastasia", "migrationStage":"NotStarted", "server":"akswtt00700000b"}}
{"logTime": "0505/142527", "correlationVector":"lCbZBFcNozo2OxOXHXMN5t.2","action":"ProcessGetUpdates", "result":"Done", "context":{"dataType":"Encryption Keys", "deleted":"0", "process_failed_to_decrypt":"0", "process_pending_decryption":"0", "process_success":"1", "total":"1"}}
{"logTime": "0505/142528", "correlationVector":"EAzaC8gIYWBxM0Uve3qJkS","action":"SyncServerConnectionManagerRequest", "result":"SYNC_SERVER_OK", "context":{"environment":"", "migrationStage":"", "server":""}}
{"logTime": "0505/142528", "correlationVector":"EAzaC8gIYWBxM0Uve3qJkS.0","action":"EncryptionKeysFetcher.DownloadKeys:", "result":"Success", "context":Key count: 10, Last key timestamp: 2024-12-12T01:14:23Z}
{"logTime": "0505/142528", "correlationVector":"EAzaC8gIYWBxM0Uve3qJkS.1","action":"EncryptionKeysManager::SetEncryptionKeys:", "result":"Success", "context":Key names[10]:[8WtsAifgSD0Zgno9JvmVLnEdHtBeW9WNAYKeKCNhvNFpKfOichBvClYMlnvk76Fivf6mf5ZqTZkAA+n5mrkk6w==][f6VzQRuASIRbqncGLcKydwJXFjEcFbxU2CpX48aG+SLU9Goy4P0f91SlVdsV03uuzVMvNQpRIHEN465cwsiWOA==][BGeiQ27rhg7p0gsZWPZPCXCVGsYddLq007+oKW5zfZaVqvW/N8pwd1OXnnyUQFsHKzvb0zQIPwZmQxXkGxGctQ==][2dfmqsWfUHwXkrVIVWk44FOL+d/wlBggMrpsSOosxSu53hQTLWR3Vw+TBEfMWQwQuMl1d9g/n+62xuSbpJFHNg==][ZFaTtCWgTr8VjbHokg8nMKLZQ8z5FmvNaJhhzkJD3Ci97IPj6pVrmortx3wlCsS+05USSbz6HJi19vfYBD6r2w==][Q6fR5RVcTAzfsQHXF+APYKxLRIORLFyGC6459yVwAQlSkw2cPPNEVpSyIAuu5AvZiHs5mqtMEhrNwAXpIV1/rw==][Zd+oPd159yYvtsjQr9zamNt5zdv6yta5CEAaRpB5ptApOx/eUPHJhwbC5DxlD7KPTieMglMGSIbHfYrMSMQM2A==][Czp+QEp5mCrT1p/a7/DYtDDBkwC+2cytA2U8Ia6HDnNkpdp44e76AMbQFXiIzgZsSXIbMMGKX+e8g3s+ZIk8Mg==][l6e5f+or5DSlpXW/S0aqUxGWMCYbQxImN4z6Cyoafx3I5Z8aogJqY+bMzrJS81xcQVFf2eye9krv6c5s9RoOZQ==][cVPC2hFu3Fq3CxY9nC6ybubsnHl0OU78LEF/89HUmBcRq5rgTJSlwUKpOVBlYbHMmXTaG4RkOzk7XKgqF/8KvA==]}
{"logTime": "0505/142528", "correlationVector":"EAzaC8gIYWBxM0Uve3qJkS.2","action":"EncryptionKeysManager::SetEncryptionKeysWithTimestamps:", "result":"Success", "context":Key timestamps[10]:[2020-11-21T00:28:37Z][2021-05-24T13:28:54Z][2021-11-28T15:52:26Z][2022-01-30T08:19:09Z][2022-03-24T04:27:26Z][2023-02-06T16:04:16Z][2023-08-26T07:55:46Z][2023-12-15T06:32:49Z][2024-06-12T12:36:45Z][2024-12-12T01:14:23Z]}
{"logTime": "0505/142528", "correlationVector":"lCbZBFcNozo2OxOXHXMN5t","action":"Initial GetUpdates", "result":"", "context":Reason: NEW_CLIENT. cV=lCbZBFcNozo2OxOXHXMN5t}
{"logTime": "0505/142528", "correlationVector":"lCbZBFcNozo2OxOXHXMN5t.3","action":"GetUpdates Response", "result":"Success", "context":Received 1 update(s). cV=lCbZBFcNozo2OxOXHXMN5t.0;server=akswtt00700000b;cloudType=Consumer;environment=Prod_southeastasia_prod-s01-064-apac-southeastasia;migrationStage=NotStarted}
{"logTime": "0505/142528", "correlationVector":"WhnHacJRvkbZMd4IENRMS8","action":"Initial GetUpdates", "result":"", "context":Reason: NEWLY_SUPPORTED_DATATYPE. cV=WhnHacJRvkbZMd4IENRMS8}
{"logTime": "0505/142529", "correlationVector":"WhnHacJRvkbZMd4IENRMS8.1","action":"SyncServerConnectionManagerRequest", "result":"SYNC_SERVER_OK", "context":{"environment":"Prod_southeastasia_prod-s01-064-apac-southeastasia", "migrationStage":"NotStarted", "server":"akswtt007000018"}}
{"logTime": "0505/142529", "correlationVector":"WhnHacJRvkbZMd4IENRMS8.2","action":"ProcessGetUpdates", "result":"Done", "context":{"dataType":"Preferences", "deleted":"1", "process_failed_to_decrypt":"0", "process_pending_decryption":"0", "process_success":"86", "total":"86"}}
{"logTime": "0505/142529", "correlationVector":"WhnHacJRvkbZMd4IENRMS8.3","action":"ProcessGetUpdates", "result":"Done", "context":{"dataType":"Passwords", "deleted":"0", "process_failed_to_decrypt":"0", "process_pending_decryption":"0", "process_success":"52", "total":"52"}}
{"logTime": "0505/142529", "correlationVector":"WhnHacJRvkbZMd4IENRMS8.4","action":"ProcessGetUpdates", "result":"Done", "context":{"dataType":"Device Info", "deleted":"0", "process_failed_to_decrypt":"0", "process_pending_decryption":"0", "process_success":"18", "total":"18"}}
{"logTime": "0505/142529", "correlationVector":"WhnHacJRvkbZMd4IENRMS8.5","action":"GetUpdates Response", "result":"Success", "context":Received 156 update(s). cV=WhnHacJRvkbZMd4IENRMS8.0;server=akswtt007000018;cloudType=Consumer;environment=Prod_southeastasia_prod-s01-064-apac-southeastasia;migrationStage=NotStarted}
{"logTime": "0505/142529", "correlationVector":"mikVIvFoWON3uPqARZrsY/","action":"Initial GetUpdates", "result":"", "context":Reason: NEWLY_SUPPORTED_DATATYPE. cV=mikVIvFoWON3uPqARZrsY/}
{"logTime": "0505/142529", "correlationVector":"mikVIvFoWON3uPqARZrsY/.1","action":"SyncServerConnectionManagerRequest", "result":"SYNC_SERVER_OK", "context":{"environment":"Prod_southeastasia_prod-s01-064-apac-southeastasia", "migrationStage":"NotStarted", "server":"akswtt00700000a"}}
{"logTime": "0505/142529", "correlationVector":"mikVIvFoWON3uPqARZrsY/.2","action":"ProcessGetUpdates", "result":"Done", "context":{"dataType":"Bookmarks", "deleted":"8", "process_failed_to_decrypt":"0", "process_pending_decryption":"0", "process_success":"57", "total":"57"}}
{"logTime": "0505/142529", "correlationVector":"mikVIvFoWON3uPqARZrsY/.3","action":"GetUpdates Response", "result":"Success", "context":Received 57 update(s). cV=mikVIvFoWON3uPqARZrsY/.0;server=akswtt00700000a;cloudType=Consumer;environment=Prod_southeastasia_prod-s01-064-apac-southeastasia;migrationStage=NotStarted}
{"logTime": "0505/142529", "correlationVector":"qbQU2mNrfvkdzh/HOC6MeT","action":"Initial GetUpdates", "result":"", "context":Reason: NEWLY_SUPPORTED_DATATYPE. cV=qbQU2mNrfvkdzh/HOC6MeT}
{"logTime": "0505/142529", "correlationVector":"qbQU2mNrfvkdzh/HOC6MeT.1","action":"SyncServerConnectionManagerRequest", "result":"SYNC_SERVER_OK", "context":{"environment":"Prod_southeastasia_prod-s01-064-apac-southeastasia", "migrationStage":"NotStarted", "server":"akswtt00700002g"}}
{"logTime": "0505/142529", "correlationVector":"qbQU2mNrfvkdzh/HOC6MeT.2","action":"ProcessGetUpdates", "result":"Done", "context":{"dataType":"Autofill Profiles", "deleted":"1", "process_failed_to_decrypt":"0", "process_pending_decryption":"0", "process_success":"1", "total":"1"}}
{"logTime": "0505/142529", "correlationVector":"qbQU2mNrfvkdzh/HOC6MeT.3","action":"ProcessGetUpdates", "result":"Done", "context":{"dataType":"Autofill", "deleted":"0", "process_failed_to_decrypt":"0", "process_pending_decryption":"0", "process_success":"29", "total":"29"}}
{"logTime": "0505/142529", "correlationVector":"qbQU2mNrfvkdzh/HOC6MeT.4","action":"ProcessGetUpdates", "result":"Done", "context":{"dataType":"Extensions", "deleted":"0", "process_failed_to_decrypt":"0", "process_pending_decryption":"0", "process_success":"4", "total":"4"}}
{"logTime": "0505/142529", "correlationVector":"qbQU2mNrfvkdzh/HOC6MeT.5","action":"ProcessGetUpdates", "result":"Done", "context":{"dataType":"Sessions", "deleted":"63", "process_failed_to_decrypt":"0", "process_pending_decryption":"0", "process_success":"83", "total":"83"}}
{"logTime": "0505/142529", "correlationVector":"qbQU2mNrfvkdzh/HOC6MeT.6","action":"ProcessGetUpdates", "result":"Done", "context":{"dataType":"Collection", "deleted":"0", "process_failed_to_decrypt":"0", "process_pending_decryption":"0", "process_success":"2", "total":"2"}}
{"logTime": "0505/142529", "correlationVector":"qbQU2mNrfvkdzh/HOC6MeT.7","action":"ProcessGetUpdates", "result":"Done", "context":{"dataType":"Edge Hub App Usage", "deleted":"10", "process_failed_to_decrypt":"0", "process_pending_decryption":"0", "process_success":"16", "total":"16"}}
{"logTime": "0505/142529", "correlationVector":"qbQU2mNrfvkdzh/HOC6MeT.8","action":"GetUpdates Response", "result":"Success", "context":Received 135 update(s). cV=qbQU2mNrfvkdzh/HOC6MeT.0;server=akswtt00700002g;cloudType=Consumer;environment=Prod_southeastasia_prod-s01-064-apac-southeastasia;migrationStage=NotStarted}
{"logTime": "0505/142529", "correlationVector":"cizwoqGHKj+06o7yw9W8WU","action":"Initial GetUpdates", "result":"", "context":Reason: NEWLY_SUPPORTED_DATATYPE. cV=cizwoqGHKj+06o7yw9W8WU}
{"logTime": "0505/142529", "correlationVector":"cizwoqGHKj+06o7yw9W8WU.1","action":"SyncServerConnectionManagerRequest", "result":"SYNC_SERVER_OK", "context":{"environment":"Prod_southeastasia_prod-s01-064-apac-southeastasia", "migrationStage":"NotStarted", "server":"akswtt00700001p"}}
{"logTime": "0505/142529", "correlationVector":"cizwoqGHKj+06o7yw9W8WU.2","action":"ProcessGetUpdates", "result":"Done", "context":{"dataType":"History", "deleted":"0", "process_failed_to_decrypt":"0", "process_pending_decryption":"0", "process_success":"250", "total":"250"}}
{"logTime": "0505/142529", "correlationVector":"cizwoqGHKj+06o7yw9W8WU.3","action":"GetUpdates Response", "result":"Success", "context":Received 250 update(s). cV=cizwoqGHKj+06o7yw9W8WU.0;server=akswtt00700001p;cloudType=Consumer;environment=Prod_southeastasia_prod-s01-064-apac-southeastasia;migrationStage=NotStarted Some updates remain.}
{"logTime": "0505/142529", "correlationVector":"9et+SO8iAHzBidvCqt0y/U","action":"Initial GetUpdates", "result":"", "context":Reason: NEWLY_SUPPORTED_DATATYPE. cV=9et+SO8iAHzBidvCqt0y/U}
{"logTime": "0505/142530", "correlationVector":"9et+SO8iAHzBidvCqt0y/U.1","action":"SyncServerConnectionManagerRequest", "result":"SYNC_SERVER_OK", "context":{"environment":"Prod_southeastasia_prod-s01-064-apac-southeastasia", "migrationStage":"NotStarted", "server":"akswtt00700002k"}}
{"logTime": "0505/142530", "correlationVector":"9et+SO8iAHzBidvCqt0y/U.2","action":"ProcessGetUpdates", "result":"Done", "context":{"dataType":"History", "deleted":"0", "process_failed_to_decrypt":"0", "process_pending_decryption":"0", "process_success":"250", "total":"250"}}
{"logTime": "0505/142530", "correlationVector":"9et+SO8iAHzBidvCqt0y/U.3","action":"GetUpdates Response", "result":"Success", "context":Received 250 update(s). cV=9et+SO8iAHzBidvCqt0y/U.0;server=akswtt00700002k;cloudType=Consumer;environment=Prod_southeastasia_prod-s01-064-apac-southeastasia;migrationStage=NotStarted Some updates remain.}
{"logTime": "0505/142530", "correlationVector":"7slAlKoMeR+u0biz1P/Pkr","action":"Initial GetUpdates", "result":"", "context":Reason: NEWLY_SUPPORTED_DATATYPE. cV=7slAlKoMeR+u0biz1P/Pkr}
{"logTime": "0505/142530", "correlationVector":"7slAlKoMeR+u0biz1P/Pkr.1","action":"SyncServerConnectionManagerRequest", "result":"SYNC_SERVER_OK", "context":{"environment":"Prod_southeastasia_prod-s01-064-apac-southeastasia", "migrationStage":"NotStarted", "server":"akswtt00700000d"}}
{"logTime": "0505/142530", "correlationVector":"7slAlKoMeR+u0biz1P/Pkr.2","action":"ProcessGetUpdates", "result":"Done", "context":{"dataType":"History", "deleted":"0", "process_failed_to_decrypt":"0", "process_pending_decryption":"0", "process_success":"124", "total":"124"}}
{"logTime": "0505/142530", "correlationVector":"7slAlKoMeR+u0biz1P/Pkr.3","action":"GetUpdates Response", "result":"Success", "context":Received 124 update(s). cV=7slAlKoMeR+u0biz1P/Pkr.0;server=akswtt00700000d;cloudType=Consumer;environment=Prod_southeastasia_prod-s01-064-apac-southeastasia;migrationStage=NotStarted}
{"logTime": "0505/142530", "correlationVector":"3SzNaxqUKZs4mgaS5umINR","action":"Normal GetUpdate request", "result":"", "context":cV=3SzNaxqUKZs4mgaS5umINR
Nudged types: Sessions, Device Info, User Consents
Refresh requested types: Bookmarks, Preferences, Passwords, Autofill Profiles, Autofill, Extensions, Sessions, Extension settings, History Delete Directives, Device Info, User Consents, Send Tab To Self, Web Apps, History, Saved Tab Group, Collection, Edge E Drop, Edge Hub App Usage, Edge Tab Group, Edge Wallet, Encryption Keys}
{"logTime": "0505/142530", "correlationVector":"3SzNaxqUKZs4mgaS5umINR.1","action":"SyncServerConnectionManagerRequest", "result":"SYNC_SERVER_OK", "context":{"environment":"Prod_southeastasia_prod-s01-064-apac-southeastasia", "migrationStage":"NotStarted", "server":"akswtt00700002k"}}
{"logTime": "0505/142530", "correlationVector":"3SzNaxqUKZs4mgaS5umINR.2","action":"GetUpdates Response", "result":"Success", "context":Received 0 update(s). cV=3SzNaxqUKZs4mgaS5umINR.0;server=akswtt00700002k;cloudType=Consumer;environment=Prod_southeastasia_prod-s01-064-apac-southeastasia;migrationStage=NotStarted}
{"logTime": "0505/142530", "correlationVector":"7q+lJSaPo5kIF1KsA6VbSR","action":"DoCompareDataConsistency requsted types: ", "result":"Bookmarks, Preferences, Passwords, Extensions, Extension settings, History Delete Directives, Send Tab To Self, Web Apps, History, Saved Tab Group, Collection, Edge E Drop, Edge Tab Group, Edge Wallet, Encryption Keys"}
{"logTime": "0505/142530", "correlationVector":"7q+lJSaPo5kIF1KsA6VbSR.0","action":"CompareDataConsistency result: ", "result":"Compare result: Encryption Keys is consistent. local entities count is: 1 local entities hash is: CT2VzGK5U+JHR3C9tj8as15xIRo="}
{"logTime": "0505/142530", "correlationVector":"7q+lJSaPo5kIF1KsA6VbSR.1","action":"CompareDataConsistency result: ", "result":"Compare result: Bookmarks is consistent. local entities count is: 44 local entities hash is: rRrbHdm0vku6ymmdaeCV/ZfCVjo="}
{"logTime": "0505/142530", "correlationVector":"7q+lJSaPo5kIF1KsA6VbSR.2","action":"CompareDataConsistency result: ", "result":"Compare result: Preferences is consistent. local entities count is: 85 local entities hash is: rOX09BCwicADSK8gQ/HRjV7qJIk="}
{"logTime": "0505/142530", "correlationVector":"7q+lJSaPo5kIF1KsA6VbSR.3","action":"CompareDataConsistency result: ", "result":"Compare result: Extensions is consistent. local entities count is: 4 local entities hash is: E0iOVBGQsXq10dm6ivaSxDl1Fhw="}
{"logTime": "0505/142530", "correlationVector":"7q+lJSaPo5kIF1KsA6VbSR.4","action":"CompareDataConsistency result: ", "result":"Compare result: Extension settings is consistent. local entities count is: 0 local entities hash is: "}
{"logTime": "0505/142530", "correlationVector":"7q+lJSaPo5kIF1KsA6VbSR.5","action":"CompareDataConsistency result: ", "result":"Compare result: History Delete Directives is consistent. local entities count is: 0 local entities hash is: "}
{"logTime": "0505/142530", "correlationVector":"7q+lJSaPo5kIF1KsA6VbSR.6","action":"CompareDataConsistency result: ", "result":"Server did not send this Send Tab To Self local entities count is: 0 local entities hash is: "}
{"logTime": "0505/142530", "correlationVector":"7q+lJSaPo5kIF1KsA6VbSR.7","action":"CompareDataConsistency result: ", "result":"Compare result: Web Apps is consistent. local entities count is: 0 local entities hash is: "}
{"logTime": "0505/142530", "correlationVector":"7q+lJSaPo5kIF1KsA6VbSR.8","action":"CompareDataConsistency result: ", "result":"Server did not send this History local entities count is: 0 local entities hash is: "}
{"logTime": "0505/142530", "correlationVector":"7q+lJSaPo5kIF1KsA6VbSR.9","action":"CompareDataConsistency result: ", "result":"Compare result: Saved Tab Group is consistent. local entities count is: 0 local entities hash is: "}
{"logTime": "0505/142530", "correlationVector":"7q+lJSaPo5kIF1KsA6VbSR.10","action":"CompareDataConsistency result: ", "result":"Compare result: Collection is consistent. local entities count is: 2 local entities hash is: /wNaQX8eTSAxscaZzi0PsGiwdgY="}
{"logTime": "0505/142530", "correlationVector":"7q+lJSaPo5kIF1KsA6VbSR.11","action":"CompareDataConsistency result: ", "result":"Compare result: Edge E Drop is consistent. local entities count is: 0 local entities hash is: "}
{"logTime": "0505/142530", "correlationVector":"7q+lJSaPo5kIF1KsA6VbSR.12","action":"CompareDataConsistency result: ", "result":"Compare result: Edge Tab Group is consistent. local entities count is: 0 local entities hash is: "}
{"logTime": "0505/142530", "correlationVector":"7q+lJSaPo5kIF1KsA6VbSR.13","action":"CompareDataConsistency result: ", "result":"Compare result: Edge Wallet is consistent. local entities count is: 0 local entities hash is: "}
{"logTime": "0505/142530", "correlationVector":"7q+lJSaPo5kIF1KsA6VbSR.14","action":"CompareDataConsistency result: ", "result":"Compare result: Passwords is consistent. local entities count is: 52 local entities hash is: JO4/v+xMKAEwjs/UDgGk3OUcUdg="}
{"logTime": "0505/142530", "correlationVector":"ZMtiR56TAnS0F26PjQuAFX","action":"Commit Request", "result":"", "context":Item count: 5
Contributing types: Sessions, Device Info, User Consents}
{"logTime": "0505/142531", "correlationVector":"ZMtiR56TAnS0F26PjQuAFX.1","action":"SyncServerConnectionManagerRequest", "result":"SYNC_SERVER_OK", "context":{"environment":"Prod_southeastasia_prod-s01-064-apac-southeastasia", "migrationStage":"NotStarted", "server":"akswtt00700002g"}}
{"logTime": "0505/142531", "correlationVector":"ZMtiR56TAnS0F26PjQuAFX.2","action":"Commit Response", "result":"Success", "context":Result: Success. cV=ZMtiR56TAnS0F26PjQuAFX.0;server=akswtt00700002g;cloudType=Consumer;environment=Prod_southeastasia_prod-s01-064-apac-southeastasia;migrationStage=NotStarted}
{"logTime": "0505/142531", "correlationVector":"","action":"DIAGNOSTIC_REQUEST|v1/diagnosticData/Diagnostic.SendCheckResult()|SUCCESS", "result":""}
{"logTime": "0505/142637", "correlationVector":"2JzQnUsaRVlEtjhqrMXNSE","action":"Commit Request", "result":"", "context":Item count: 9
Contributing types: Sessions, History}
{"logTime": "0505/142638", "correlationVector":"2JzQnUsaRVlEtjhqrMXNSE.1","action":"SyncServerConnectionManagerRequest", "result":"SYNC_SERVER_OK", "context":{"environment":"Prod_southeastasia_prod-s01-064-apac-southeastasia", "migrationStage":"NotStarted", "server":"akswtt00700001y"}}
{"logTime": "0505/142638", "correlationVector":"2JzQnUsaRVlEtjhqrMXNSE.2","action":"Commit Response", "result":"Success", "context":Result: Success. cV=2JzQnUsaRVlEtjhqrMXNSE.0;server=akswtt00700001y;cloudType=Consumer;environment=Prod_southeastasia_prod-s01-064-apac-southeastasia;migrationStage=NotStarted}
